<?xml version="1.0" encoding="UTF-8"?>
<testng-results ignored="0" total="4" passed="4" failed="0" skipped="0">
  <reporter-output>
  </reporter-output>
  <suite started-at="2022-01-03T22:52:52 IST" name="Suite : Advanced Reporting" finished-at="2022-01-03T22:54:21 IST" duration-ms="89155">
    <groups>
    </groups>
    <test started-at="2022-01-03T22:52:52 IST" name="Test : Advanced Reporting" finished-at="2022-01-03T22:54:21 IST" duration-ms="89155">
      <class name="com.ar.testcases.ValidateAR">
        <test-method is-config="true" signature="setUp(java.lang.String,java.lang.String)[pri:0, instance:com.ar.testcases.ValidateAR@6cd28fa7]" started-at="2022-01-03T22:52:42 IST" name="setUp" finished-at="2022-01-03T22:52:52 IST" duration-ms="10359" status="PASS">
          <params>
            <param index="0">
              <value>
                <![CDATA[yes]]>
              </value>
            </param>
            <param index="1">
              <value>
                <![CDATA[firefox]]>
              </value>
            </param>
          </params>
          <reporter-output>
          </reporter-output>
        </test-method> <!-- setUp -->
        <test-method is-config="true" signature="login()[pri:0, instance:com.ar.testcases.ValidateAR@6cd28fa7]" started-at="2022-01-03T22:52:53 IST" name="login" finished-at="2022-01-03T22:53:04 IST" duration-ms="11604" status="PASS">
          <reporter-output>
          </reporter-output>
        </test-method> <!-- login -->
        <test-method signature="TC_CreateUser_001(java.lang.String,java.lang.String,java.lang.String,java.lang.String,java.lang.String,java.lang.String)[pri:1, instance:com.ar.testcases.ValidateAR@6cd28fa7]" started-at="2022-01-03T22:53:04 IST" name="TC_CreateUser_001" data-provider="TC_CreateUser_001_TestData" finished-at="2022-01-03T22:53:17 IST" duration-ms="13172" status="PASS">
          <params>
            <param index="0">
              <value>
                <![CDATA[venkat1]]>
              </value>
            </param>
            <param index="1">
              <value>
                <![CDATA[p]]>
              </value>
            </param>
            <param index="2">
              <value>
                <![CDATA[System - Administrator]]>
              </value>
            </param>
            <param index="3">
              <value>
                <![CDATA[Administrator]]>
              </value>
            </param>
            <param index="4">
              <value>
                <![CDATA[English (United States)]]>
              </value>
            </param>
            <param index="5">
              <value>
                <![CDATA[(UTC+01:00:00) Europe/Amsterdam]]>
              </value>
            </param>
          </params>
          <reporter-output>
          </reporter-output>
        </test-method> <!-- TC_CreateUser_001 -->
        <test-method is-config="true" signature="signout()[pri:0, instance:com.ar.testcases.ValidateAR@6cd28fa7]" started-at="2022-01-03T22:53:17 IST" name="signout" finished-at="2022-01-03T22:53:19 IST" duration-ms="1485" status="PASS">
          <reporter-output>
          </reporter-output>
        </test-method> <!-- signout -->
        <test-method is-config="true" signature="login()[pri:0, instance:com.ar.testcases.ValidateAR@6cd28fa7]" started-at="2022-01-03T22:53:19 IST" name="login" finished-at="2022-01-03T22:53:25 IST" duration-ms="6500" status="PASS">
          <reporter-output>
          </reporter-output>
        </test-method> <!-- login -->
        <test-method signature="TC_CreateUser_001(java.lang.String,java.lang.String,java.lang.String,java.lang.String,java.lang.String,java.lang.String)[pri:1, instance:com.ar.testcases.ValidateAR@6cd28fa7]" started-at="2022-01-03T22:53:25 IST" name="TC_CreateUser_001" data-provider="TC_CreateUser_001_TestData" finished-at="2022-01-03T22:53:39 IST" duration-ms="13140" status="PASS">
          <params>
            <param index="0">
              <value>
                <![CDATA[venkat2]]>
              </value>
            </param>
            <param index="1">
              <value>
                <![CDATA[p]]>
              </value>
            </param>
            <param index="2">
              <value>
                <![CDATA[System - Administrator]]>
              </value>
            </param>
            <param index="3">
              <value>
                <![CDATA[Administrator]]>
              </value>
            </param>
            <param index="4">
              <value>
                <![CDATA[Arabic (U.A.E.)]]>
              </value>
            </param>
            <param index="5">
              <value>
                <![CDATA[(UTC+00:00:00) Atlantic/Canary]]>
              </value>
            </param>
          </params>
          <reporter-output>
          </reporter-output>
        </test-method> <!-- TC_CreateUser_001 -->
        <test-method is-config="true" signature="signout()[pri:0, instance:com.ar.testcases.ValidateAR@6cd28fa7]" started-at="2022-01-03T22:53:39 IST" name="signout" finished-at="2022-01-03T22:53:40 IST" duration-ms="1726" status="PASS">
          <reporter-output>
          </reporter-output>
        </test-method> <!-- signout -->
        <test-method is-config="true" signature="login()[pri:0, instance:com.ar.testcases.ValidateAR@6cd28fa7]" started-at="2022-01-03T22:53:40 IST" name="login" finished-at="2022-01-03T22:53:47 IST" duration-ms="6572" status="PASS">
          <reporter-output>
          </reporter-output>
        </test-method> <!-- login -->
        <test-method signature="TC_CreateUser_001(java.lang.String,java.lang.String,java.lang.String,java.lang.String,java.lang.String,java.lang.String)[pri:1, instance:com.ar.testcases.ValidateAR@6cd28fa7]" started-at="2022-01-03T22:53:47 IST" name="TC_CreateUser_001" data-provider="TC_CreateUser_001_TestData" finished-at="2022-01-03T22:54:00 IST" duration-ms="13139" status="PASS">
          <params>
            <param index="0">
              <value>
                <![CDATA[venkat3]]>
              </value>
            </param>
            <param index="1">
              <value>
                <![CDATA[p]]>
              </value>
            </param>
            <param index="2">
              <value>
                <![CDATA[System - Administrator]]>
              </value>
            </param>
            <param index="3">
              <value>
                <![CDATA[Administrator]]>
              </value>
            </param>
            <param index="4">
              <value>
                <![CDATA[English (United States)]]>
              </value>
            </param>
            <param index="5">
              <value>
                <![CDATA[(UTC+01:00:00) Europe/Amsterdam]]>
              </value>
            </param>
          </params>
          <reporter-output>
          </reporter-output>
        </test-method> <!-- TC_CreateUser_001 -->
        <test-method is-config="true" signature="signout()[pri:0, instance:com.ar.testcases.ValidateAR@6cd28fa7]" started-at="2022-01-03T22:54:00 IST" name="signout" finished-at="2022-01-03T22:54:02 IST" duration-ms="1657" status="PASS">
          <reporter-output>
          </reporter-output>
        </test-method> <!-- signout -->
        <test-method is-config="true" signature="login()[pri:0, instance:com.ar.testcases.ValidateAR@6cd28fa7]" started-at="2022-01-03T22:54:02 IST" name="login" finished-at="2022-01-03T22:54:09 IST" duration-ms="6963" status="PASS">
          <reporter-output>
          </reporter-output>
        </test-method> <!-- login -->
        <test-method signature="TC_RunningAReportInAR_002()[pri:2, instance:com.ar.testcases.ValidateAR@6cd28fa7]" started-at="2022-01-03T22:54:09 IST" name="TC_RunningAReportInAR_002" finished-at="2022-01-03T22:54:16 IST" duration-ms="7081" status="PASS">
          <reporter-output>
          </reporter-output>
        </test-method> <!-- TC_RunningAReportInAR_002 -->
        <test-method is-config="true" signature="signout()[pri:0, instance:com.ar.testcases.ValidateAR@6cd28fa7]" started-at="2022-01-03T22:54:16 IST" name="signout" finished-at="2022-01-03T22:54:21 IST" duration-ms="5606" status="PASS">
          <reporter-output>
          </reporter-output>
        </test-method> <!-- signout -->
        <test-method is-config="true" signature="tearDown()[pri:0, instance:com.ar.testcases.ValidateAR@6cd28fa7]" started-at="2022-01-03T22:54:22 IST" name="tearDown" finished-at="2022-01-03T22:54:26 IST" duration-ms="4393" status="PASS">
          <reporter-output>
          </reporter-output>
        </test-method> <!-- tearDown -->
      </class> <!-- com.ar.testcases.ValidateAR -->
    </test> <!-- Test : Advanced Reporting -->
  </suite> <!-- Suite : Advanced Reporting -->
</testng-results>
