<?xml version="1.0" encoding="UTF-8"?>
<testng-results ignored="0" total="2" passed="2" failed="0" skipped="0">
  <reporter-output>
  </reporter-output>
  <suite started-at="2022-01-03T11:50:49 IST" name="Suite : Advanced Reporting" finished-at="2022-01-03T11:54:09 IST" duration-ms="200343">
    <groups>
    </groups>
    <test started-at="2022-01-03T11:50:49 IST" name="test : Advanced Reporting" finished-at="2022-01-03T11:54:09 IST" duration-ms="200343">
      <class name="com.ar.testcases.ValidateAR">
        <test-method is-config="true" signature="setUp()[pri:0, instance:com.ar.testcases.ValidateAR@bd4dc25]" started-at="2022-01-03T11:49:49 IST" name="setUp" finished-at="2022-01-03T11:50:49 IST" duration-ms="59692" status="PASS">
          <reporter-output>
          </reporter-output>
        </test-method> <!-- setUp -->
        <test-method is-config="true" signature="login()[pri:0, instance:com.ar.testcases.ValidateAR@bd4dc25]" started-at="2022-01-03T11:50:51 IST" name="login" finished-at="2022-01-03T11:51:12 IST" duration-ms="21412" status="PASS">
          <reporter-output>
          </reporter-output>
        </test-method> <!-- login -->
        <test-method signature="TC_CreateUser_001()[pri:1, instance:com.ar.testcases.ValidateAR@bd4dc25]" started-at="2022-01-03T11:51:12 IST" name="TC_CreateUser_001" finished-at="2022-01-03T11:52:58 IST" duration-ms="106392" status="PASS">
          <reporter-output>
          </reporter-output>
        </test-method> <!-- TC_CreateUser_001 -->
        <test-method is-config="true" signature="signout()[pri:0, instance:com.ar.testcases.ValidateAR@bd4dc25]" started-at="2022-01-03T11:52:59 IST" name="signout" finished-at="2022-01-03T11:53:06 IST" duration-ms="6959" status="PASS">
          <reporter-output>
          </reporter-output>
        </test-method> <!-- signout -->
        <test-method is-config="true" signature="login()[pri:0, instance:com.ar.testcases.ValidateAR@bd4dc25]" started-at="2022-01-03T11:53:06 IST" name="login" finished-at="2022-01-03T11:53:19 IST" duration-ms="13493" status="PASS">
          <reporter-output>
          </reporter-output>
        </test-method> <!-- login -->
        <test-method signature="TC_RunningAReportInAR_002()[pri:2, instance:com.ar.testcases.ValidateAR@bd4dc25]" started-at="2022-01-03T11:53:19 IST" name="TC_RunningAReportInAR_002" finished-at="2022-01-03T11:54:01 IST" duration-ms="41736" status="PASS">
          <reporter-output>
          </reporter-output>
        </test-method> <!-- TC_RunningAReportInAR_002 -->
        <test-method is-config="true" signature="signout()[pri:0, instance:com.ar.testcases.ValidateAR@bd4dc25]" started-at="2022-01-03T11:54:01 IST" name="signout" finished-at="2022-01-03T11:54:09 IST" duration-ms="8475" status="PASS">
          <reporter-output>
          </reporter-output>
        </test-method> <!-- signout -->
        <test-method is-config="true" signature="tearDown()[pri:0, instance:com.ar.testcases.ValidateAR@bd4dc25]" started-at="2022-01-03T11:54:12 IST" name="tearDown" finished-at="2022-01-03T11:54:15 IST" duration-ms="2104" status="PASS">
          <reporter-output>
          </reporter-output>
        </test-method> <!-- tearDown -->
      </class> <!-- com.ar.testcases.ValidateAR -->
    </test> <!-- test : Advanced Reporting -->
  </suite> <!-- Suite : Advanced Reporting -->
</testng-results>
